<?xml version="1.0" encoding="UTF-8"?>
<testExecutions version="1">
  <file path="/Users/joan.carballo/Desktop/code/konstellation/kdl-server/app/ui/src/Pages/Projects/components/Project/Project.test.tsx">
    <testCase name="Project component Component match snapshot" duration="48"/>
    <testCase name="Project component should show admins when clicking on admins button" duration="33"/>
  </file>
  <file path="/Users/joan.carballo/Desktop/code/konstellation/kdl-server/app/ui/src/Pages/NewProject/pages/Information/Information.test.ts">
    <testCase name="InformationUtils validateProjectName should return This field cannot be empty when projectName is " duration="9"/>
    <testCase name="InformationUtils validateProjectName should return This field cannot be longer than 100 when projectName is                                                                           Lorem ipsum dolor sit amet." duration="1"/>
    <testCase name="InformationUtils validateProjectName should return Duplicated name. Please change it and choose a unique project name. when projectName is Lorem ipsum dolor sit amet." duration="1"/>
    <testCase name="InformationUtils validateProjectName should return true when projectName is Lorem ipsum dolor sit amet." duration="1"/>
    <testCase name="InformationUtils validateProjectDescription should return This field cannot be empty when description is " duration="1"/>
    <testCase name="InformationUtils validateProjectDescription should return This field cannot be longer than 100000 when description is                                                                                                                                                                                                                                                                                                                                                                                                                                                                                                                                                                                                                                                                                                                                                                                                                                                                                                                                                                                                                                                                                                                                                                                                                                                                                                                                                                                                                                                                                                                                                                                                                                                                                                                                                                                                                                                                                                                                                                                                                                                                                                                                                                                                                                                                                                                                                                                                                                                                                                                                                                                                                                                                                                                                                                                                                                                                                                                                                                                                                                                                                                                                                                                                                                                                                                                                                                                                                                                                                                                                                                                                                                                                                                                                                                                                                                                                                                                                                                                                                                                                                                                                                                                                                                                                                                                                                                                                                                                                                                                                                                                                                                                                                                                                                                                                                                                                                                                                                                                                                                                                                                                                                                                                                                                                                                                                                                                                                                                                                                                                                                                                                                                                                                                                                                                                                                                                                                                                                                                                                                                                                                                                                                                                                                                                                                                                                                                                                                                                                                                                                                                                                                                                                                                                                                                                                                                                                                                                                                                                                                                                                                                                                                                                                                                                                                                                                                                                                                                                                                                                                                                                                                                                                                                                                                                                                                                                                                                                                                                                                                                                                                                                                                                                                                                                                                                                                                                                                                                                                                                                                                                                                                                                                                                                                                                                                                                                                                                                                                                                                                                                                                                                                                                                                                                                                                                                                                                                                                                                                                                                                                                                                                                                                                                                                                                                                                                                                                                                                                                                                                                                                                                                                                                                                                                                                                                                                                                                                                                                                                                                                                                                                                                                                                                                                                                                                                                                                                                                                                                                                                                                                                                                                                                                                                                                                                                                                                                                                                                                                                                                                                                                                                                                                                                                                                                                                                                                                                                                                                                                                                                                                                                                                                                                                                                                                                                                                                                                                                                                                                                                                                                                                                                                                                                                                                                                                                                                                                                                                                                                                                                                                                                                                                                                                                                                                                                                                                                                                                                                                                                                                                                                                                                                                                                                                                                                                                                                                                                                                                                                                                                                                                                                                                                                                                                                                                                                                                                                                                                                                                                                                                                                                                                                                                                                                                                                                                                                                                                                                                                                                                                                                                                                                                                                                                                                                                                                                                                                                                                                                                                                                                                                                                                                                                                                                                                                                                                                                                                                                                                                                                                                                                                                                                                                                                                                                                                                                                                                                                                                                                                                                                                                                                                                                                                                                                                                                                                                                                                                                                                                                                                                                                                                                                                                                                                                                                                                                                                                                                                                                                                                                                                                                                                                                                                                                                                                                                                                                                                                                                                                                                                                                                                                                                                                                                                                                                                                                                                                                                                                                                                                                                                                                                                                                                                                                                                                                                                                                                                                                                                                                                                                                                                                                                                                                                                                                                                                                                                                                                                                                                                                                                                                                                                                                                                                                                                                                                                                                                                                                                                                                                                                                                                                                                                                                                                                                                                                                                                                                                                                                                                                                                                                                                                                                                                                                                                                                                                                                                                                                                                                                                                                                                                                                                                                                                                                                                                                                                                                                                                                                                                                                                                                                                                                                                                                                                                                                                                                                                                                                                                                                                                                                                                                                                                                                                                                                                                                                                                                                                                                                                                                                                                                                                                                                                                                                                                                                                                                                                                                                                                                                                                                                                                                                                                                                                                                                                                                                                                                                                                                                                                                                                                                                                                                                                                                                                                                                                                                                                                                                                                                                                                                                                                                                                                                                                                                                                                                                                                                                                                                                                                                                                                                                                                                                                                                                                                                                                                                                                                                                                                                                                                                                                                                                                                                                                                                                                                                                                                                                                                                                                                                                                                                                                                                                                                                                                                                                                                                                                                                                                                                                                                                                                                                                                                                                                                                                                                                                                                                                                                                                                                                                                                                                                                                                                                                                                                                                                                                                                                                                                                                                                                                                                                                                                                                                                                                                                                                                                                                                                                                                                                                                                                                                                                                                                                                                                                                                                                                                                                                                                                                                                                                                                                                                                                                                                                                                                                                                                                                                                                                                                                                                                                                                                                                                                                                                                                                                                                                                                                                                                                                                                                                                                                                                                                                                                                                                                                                                                                                                                                                                                                                                                                                                                                                                                                                                                                                                                                                                                                                                                                                                                                                                                                                                                                                                                                                                                                                                                                                                                                                                                                                                                                                                                                                                                                                                                                                                                                                                                                                                                                                                                                                                                                                                                                                                                                                                                                                                                                                                                                                                                                                                                                                                                                                                                                                                                                                                                                                                                                                                                                                                                                                                                                                                                                                                                                                                                                                                                                                                                                                                                                                                                                                                                                                                                                                                                                                                                                                                                                                                                                                                                                                                                                                                                                                                                                                                                                                                                                                                                                                                                                                                                                                                                                                                                                                                                                                                                                                                                                                                                                                                                                                                                                                                                                                                                                                                                                                                                                                                                                                                                                                                                                                                                                                                                                                                                                                                                                                                                                                                                                                                                                                                                                                                                                                                                                                                                                                                                                                                                                                                                                                                                                                                                                                                                                                                                                                                                                                                                                                                                                                                                                                                                                                                                                                                                                                                                                                                                                                                                                                                                                                                                                                                                                                                                                                                                                                                                                                                                                                                                                                                                                                                                                                                                                                                                                                                                                                                                                                                                                                                                                                                                                                                                                                                                                                                                                                                                                                                                                                                                                                                                                                                                                                                                                                                                                                                                                                                                                                                                                                                                                                                                                                                                                                                                                                                                                                                                                                                                                                                                                                                                                                                                                                                                                                                                                                                                                                                                                                                                                                                                                                                                                                                                                                                                                                                                                                                                                                                                                                                                                                                                                                                                                                                                                                                                                                                                                                                                                                                                                                                                                                                                                                                                                                                                                                                                                                                                                                                                                                                                                                                                                                                                                                                                                                                                                                                                                                                                                                                                                                                                                                                                                                                                                                                                                                                                                                                                                                                                                                                                                                                                                                                                                                                                                                                                                                                                                                                                                                                                                                                                                                                                                                                                                                                                                                                                                                                                                                                                                                                                                                                                                                                                                                                                                                                                                                                                                                                                                                                                                                                                                                                                                                                                                                                                                                                                                                                                                                                                                                                                                                                                                                                                                                                                                                                                                                                                                                                                                                                                                                                                                                                                                                                                                                                                                                                                                                                                                                                                                                                                                                                                                                                                                                                                                                                                                                                                                                                                                                                                                                                                                                                                                                                                                                                                                                                                                                                                                                                                                                                                                                                                                                                                                                                                                                                                                                                                                                                                                                                                                                                                                                                                                                                                                                                                                                                                                                                                                                                                                                                                                                                                                                                                                                                                                                                                                                                                                                                                                                                                                                                                                                                                                                                                                                                                                                                                                                                                                                                                                                                                                                                                                                                                                                                                                                                                                                                                                                                                                                                                                                                                                                                                                                                                                                                                                                                                                                                                                                                                                                                                                                                                                                                                                                                                                                                                                                                                                                                                                                                                                                                                                                                                                                                                                                                                                                                                                                                                                                                                                                                                                                                                                                                                                                                                                                                                                                                                                                                                                                                                                                                                                                                                                                                                                                                                                                                                                                                                                                                                                                                                                                                                                                                                                                                                                                                                                                                                                                                                                                                                                                                                                                                                                                                                                                                                                                                                                                                                                                                                                                                                                                                                                                                                                                                                                                                                                                                                                                                                                                                                                                                                                                                                                                                                                                                                                                                                                                                                                                                                                                                                                                                                                                                                                                                                                                                                                                                                                                                                                                                                                                                                                                                                                                                                                                                                                                                                                                                                                                                                                                                                                                                                                                                                                                                                                                                                                                                                                                                                                                                                                                                                                                                                                                                                                                                                                                                                                                                                                                                                                                                                                                                                                                                                                                                                                                                                                                                                                                                                                                                                                                                                                                                                                                                                                                                                                                                                                                                                                                                                                                                                                                                                                                                                                                                                                                                                                                                                                                                                                                                                                                                                                                                                                                                                                                                                                                                                                                                                                                                                                                                                                                                                                                                                                                                                                                                                                                                                                                                                                                                                                                                                                                                                                                                                                                                                                                                                                                                                                                                                                                                                                                                                                                                                                                                                                                                                                                                                                                                                                                                                                                                                                                                                                                                                                                                                                                                                                                                                                                                                                                                                                                                                                                                                                                                                                                                                                                                                                                                                                                                                                                                                                                                                                                                                                                                                                                                                                                                                                                                                                                                                                                                                                                                                                                                                                                                                                                                                                                                                                                                                                                                                                                                                                                                                                                                                                                                                                                                                                                                                                                                                                                                                                                                                                                                                                                                                                                                                                                                                                                                                                                                                                                                                                                                                                                                                                                                                                                                                                                                                                                                                                                                                                                                                                                                                                                                                                                                                                                                                                                                                                                                                                                                                                                                                                                                                                                                                                                                                                                                                                                                                                                                                                                                                                                                                                                                                                                                                                                                                                                                                                                                                                                                                                                                                                                                                                                                                                                                                                                                                                                                                                                                                                                                                                                                                                                                                                                                                                                                                                                                                                                                                                                                                                                                                                                                                                                                                                                                                                                                                                                                                                                                                                                                                                                                                                                                                                                                                                                                                                                                                                                                                                                                                                                                                                                                                                                                                                                                                                                                                                                                                                                                                                                                                                                                                                                                                                                                                                                                                                                                                                                                                                                                                                                                                                                                                                                                                                                                                                                                                                                                                                                                                                                                                                                                                                                                                                                                                                                                                                                                                                                                                                                                                                                                                                                                                                                                                                                                                                                                                                                                                                                                                                                                                                                                                                                                                                                                                                                                                                                                                                                                                                                                                                                                                                                                                                                                                                                                                                                                                                                                                                                                                                                                                                                                                                                                                                                                                                                                                                                                                                                                                                                                                                                                                                                                                                                                                                                                                                                                                                                                                                                                                                                                                                                                                                                                                                                                                                                                                                                                                                                                                                                                                                                                                                                                                                                                                                                                                                                                                                                                                                                                                                                                                                                                                                                                                                                                                                                                                                                                                                                                                                                                                                                                                                                                                                                                                                                                                                                                                                                                                                                                                                                                                                                                                                                                                                                                                                                                                                                                                                                                                                                                                                                                                                                                                                                                                                                                                                                                                                                                                                                                                                                                                                                                                                                                                                                                                                                                                                                                                                                                                                                                                                                                                                                                                                                                                                                                                                                                                                                                                                                                                                                                                                                                                                                                                                                                                                                                                                                                                                                                                                                                                                                                                                                                                                                                                                                                                                                                                                                                                                                                                                                                                                                                                                                                                                                                                                                                                                                                                                                                                                                                                                                                                                                                                                                                                                                                                                                                                                                                                                                                                                                                                                                                                                                                                                                                                                                                                                                                                                                                                                                                                                                                                                                                                                                                                                                                                                                                                                                                                                                                                                                                                                                                                                                                                                                                                                                                                                                                                                                                                                                                                                                                                                                                                                                                                                                                                                                                                                                                                                                                                                                                                                                                                                                                                                                                                                                                                                                                                                                                                                                                                                                                                                                                                                                                                                                                                                                                                                                                                                                                                                                                                                                                                                                                                                                                                                                                                                                                                                                                                                                                                                                                                                                                                                                                                                                                                                                                                                                                                                                                                                                                                                                                                                                                                                                                                                                                                                                                                                                                                                                                                                                                                                                                                                                                                                                                                                                                                                                                                                                                                                                                                                                                                                                                                                                                                                                                                                                                                                                                                                                                                                                                                                                                                                                                                                                                                                                                                                                                                                                                                                                                                                                                                                                                                                                                                                                                                                                                                                                                                                                                                                                                                                                                                                                                                                                                                                                                                                                                                                                                                                                                                                                                                                                                                                                                                                                                                                                                                                                                                                                                                                                                                                                                                                                                                                                                                                                                                                                                                                                                                                                                                                                                                                                                                                                                                                                                                                                                                                                                                                                                                                                                                                                                                                                                                                                                                                                                                                                                                                                                                                                                                                                                                                                                                                                                                                                                                                                                                                                                                                                                                                                                                                                                                                                                                                                                                                                                                                                                                                                                                                                                                                                                                                                                                                                                                                                                                                                                                                                                                                                                                                                                                                                                                                                                                                                                                                                                                                                                                                                                                                                                                                                                                                                                                                                                                                                                                                                                                                                                                                                                                                                                                                                                                                                                                                                                                                                                                                                                                                                                                                                                                                                                                                                                                                                                                                                                                                                                                                                                                                                                                                                                                                                                                                                                                                                                                                                                                                                                                                                                                                                                                                                                                                                                                                                                                                                                                                                                                                                                                                                                                                                                                                                                                                                                                                                                                                                                                                                                                                                                                                                                                                                                                                                                                                                                                                                                                                                                                                                                                                                                                                                                                                                                                                                                                                                                                                                                                                                                                                                                                                                                                                                                                                                                                                                                                                                                                                                                                                                                                                                                                                                                                                                                                                                                                                                                                                                                                                                                                                                                                                                                                                                                                                                                                                                                                                                                                                                                                                                                                                                                                                                                                                                                                                                                                                                                                                                                                                                                                                                                                                                                                                                                                                                                                                                                                                                                                                                                                                                                                                                                                                                                                                                                                                                                                                                                                                                                                                                                                                                                                                                                                                                                                                                                                                                                                                                                                                                                                                                                                                                                                                                                                                                                                                                                                                                                                                                                                                                                                                                                                                                                                                                                                                                                                                                                                                                                                                                                                                                                                                                                                                                                                                                                                                                                                                                                                                                                                                                                                                                                                                                                                                                                                                                                                                                                                                                                                                                                                                                                                                                                                                                                                                                                                                                                                                                                                                                                                                                                                                                                                                                                                                                                                                                                                                                                                                                                                                                                                                                                                                                                                                                                                                                                                                                                                                                                                                                                                                                                                                                                                                                                                                                                                                                                                                                                                                                                                                                                                                                                                                                                                                                                                                                                                                                                                                                                                                                                                                                                                                                                                                                                                                                                                                                                                                                                                                                                                                                                                                                                                                                                                                                                                                                                                                                                                                                                                                                                                                                                                                                                                                                                                                                                                                                                                                                                                                                                                                                                                                                                                                                                                                                                                                                                                                                                                                                                                                                                                                                                                                                                                                                                                                                                                                                                                                                                                                                                                                                                                                                                                                                                                                                                                                                                                                                                                                                                                                                                                                                                                                                                                                                                                                                                                                                                                                                                                                                                                                                                                                                                                                                                                                                                                                                                                                                                                                                                                                                                                                                                                                                                                                                                                                                                                                                                                                                                                                                                                                                                                                                                                                                                                                                                                                                                                                                                                                                                                                                                                                                                                                                                                                                                                                                       Lorem ipsum dolor sit amet." duration="0"/>
    <testCase name="InformationUtils validateProjectDescription should return true when description is Lorem ipsum dolor sit amet." duration="0"/>
    <testCase name="InformationUtils validateProjectId should return This field cannot be empty when the project id is $projectId" duration="1"/>
    <testCase name="InformationUtils validateProjectId should return The id must start with a lowercase letter when the project id is $projectId" duration="1"/>
    <testCase name="InformationUtils validateProjectId should return The id must start with a lowercase letter when the project id is $projectId" duration="160"/>
    <testCase name="InformationUtils validateProjectId should return The id must contain at least 3 characters when the project id is $projectId" duration="1"/>
    <testCase name="InformationUtils validateProjectId should return The id must contain at most 20 characters when the project id is $projectId" duration="0"/>
    <testCase name="InformationUtils validateProjectId should return The id only can contain lowercase alphanumeric and hyphens when the project id is $projectId" duration="0"/>
    <testCase name="InformationUtils validateProjectId should return Enter a valid id consisting of letters, numbers or hyphens. when the project id is $projectId" duration="0"/>
    <testCase name="InformationUtils validateProjectId should return Duplicated id. This identifier has been used in another project, please choose a new one when the project id is $projectId" duration="0"/>
    <testCase name="InformationUtils validateProjectId should return true when the project id is $projectId" duration="1"/>
  </file>
  <file path="/Users/joan.carballo/Desktop/code/konstellation/kdl-server/app/ui/src/Components/DescriptionScore/DescriptionScore.test.tsx">
    <testCase name="DescriptionScore component should render without crashing" duration="484"/>
    <testCase name="DescriptionScore component behavior should show medium class if the score is between 25 and 50" duration="35"/>
    <testCase name="DescriptionScore component behavior should show high class if the score is between 50 and 75" duration="55"/>
    <testCase name="DescriptionScore component behavior should show very high class if the score is greater than 75" duration="18"/>
    <testCase name="DescriptionScore utils getScoreLevel should return LOW when score is 5" duration="19"/>
    <testCase name="DescriptionScore utils getScoreLevel should return LOW when score is 10" duration="11"/>
    <testCase name="DescriptionScore utils getScoreLevel should return LOW when score is 20" duration="5"/>
    <testCase name="DescriptionScore utils getScoreLevel should return LOW when score is 24" duration="5"/>
    <testCase name="DescriptionScore utils getScoreLevel should return MEDIUM when score is 25" duration="4"/>
    <testCase name="DescriptionScore utils getScoreLevel should return MEDIUM when score is 30" duration="3"/>
    <testCase name="DescriptionScore utils getScoreLevel should return MEDIUM when score is 40" duration="6"/>
    <testCase name="DescriptionScore utils getScoreLevel should return MEDIUM when score is 45" duration="10"/>
    <testCase name="DescriptionScore utils getScoreLevel should return HIGH when score is 50" duration="3"/>
    <testCase name="DescriptionScore utils getScoreLevel should return HIGH when score is 55" duration="5"/>
    <testCase name="DescriptionScore utils getScoreLevel should return HIGH when score is 60" duration="9"/>
    <testCase name="DescriptionScore utils getScoreLevel should return HIGH when score is 70" duration="16"/>
    <testCase name="DescriptionScore utils getScoreLevel should return VERY_HIGH when score is 75" duration="4"/>
    <testCase name="DescriptionScore utils getScoreLevel should return VERY_HIGH when score is 80" duration="15"/>
    <testCase name="DescriptionScore utils getScoreLevel should return VERY_HIGH when score is 90" duration="13"/>
    <testCase name="DescriptionScore utils getScoreLevel should return VERY_HIGH when score is 100" duration="4"/>
    <testCase name="DescriptionScore utils scoreText should match snapshot" duration="94"/>
  </file>
  <file path="/Users/joan.carballo/Desktop/code/konstellation/kdl-server/app/ui/src/Components/ProjectsBar/ProjectsBar.test.tsx">
    <testCase name="ProjectsBar component Component match snapshot" duration="4"/>
  </file>
  <file path="/Users/joan.carballo/Desktop/code/konstellation/kdl-server/app/ui/src/Components/ProjectsBar/components/ProjectsOrder/ProjectsOrder.test.tsx">
    <testCase name="When component is loading should render without crashing" duration="239"/>
    <testCase name="When data is ready should render without crashing" duration="684"/>
    <testCase name="When data is ready should allow the selection of other options" duration="206"/>
    <testCase name="When there is an error should render without crashing" duration="229"/>
  </file>
  <file path="/Users/joan.carballo/Desktop/code/konstellation/kdl-server/app/ui/src/Components/ProjectsBar/components/ProjectsFilter/ProjectsFilter.test.tsx">
    <testCase name="When component is loading should render without crashing" duration="623"/>
    <testCase name="When data is ready should render without crashing" duration="464"/>
    <testCase name="When data is ready should allow the selection of other options" duration="310"/>
    <testCase name="When there is an error should render without crashing" duration="71"/>
  </file>
  <file path="/Users/joan.carballo/Desktop/code/konstellation/kdl-server/app/ui/src/Pages/Projects/Projects.test.tsx">
    <testCase name="When component is loading should render without crashing" duration="227"/>
    <testCase name="When data is ready should render without crashing" duration="884"/>
    <testCase name="When data is ready should show two projects and one add project" duration="367"/>
    <testCase name="When data is ready when filtering by ARCHIVED, it should only show one project" duration="460"/>
    <testCase name="When data is ready when filtering by INACCESSIBLE, it should only show one project" duration="330"/>
    <testCase name="When data is ready when filtering by All, it should four projects" duration="358"/>
    <testCase name="When there is an error should render without crashing" duration="38"/>
  </file>
  <file path="/Users/joan.carballo/Desktop/code/konstellation/kdl-server/app/ui/src/Hooks/useNavigation.test.tsx">
    <testCase name="useNavigation hook - loop shows right initial state" duration="3"/>
    <testCase name="useNavigation hook - loop calls beforeGoToStep properly" duration="8"/>
    <testCase name="useNavigation hook - loop moves between steps" duration="5"/>
    <testCase name="useNavigation hook - loop handles loop moves" duration="14"/>
    <testCase name="useNavigation hook - no loop shows right initial state" duration="0"/>
    <testCase name="useNavigation hook - no loop does not makes loop moves" duration="4"/>
  </file>
  <file path="/Users/joan.carballo/Desktop/code/konstellation/kdl-server/app/ui/src/Components/Layout/ActionsBar/ActionsBar.test.tsx">
    <testCase name="ActionsBar component Component match snapshot" duration="5"/>
  </file>
  <file path="/Users/joan.carballo/Desktop/code/konstellation/kdl-server/app/ui/src/Components/SiteBar/components/Breadcrumbs/Breadcrumbs.test.tsx">
    <testCase name="Breadcrumbs component should render without crashing" duration="18"/>
  </file>
  <file path="/Users/joan.carballo/Desktop/code/konstellation/kdl-server/app/ui/src/Components/CopyToClipboard/CopyToClipboard.test.tsx">
    <testCase name="CopyToClipboard component Component match snapshot" duration="16"/>
    <testCase name="CopyToClipboard component copy text on click" duration="6"/>
  </file>
  <file path="/Users/joan.carballo/Desktop/code/konstellation/kdl-server/app/ui/src/Components/SettingsMenu/SettingsMenu.test.tsx">
    <testCase name="When component is loading should render without crashing" duration="203"/>
    <testCase name="When data is ready should render without crashing" duration="168"/>
    <testCase name="When data is ready When opening settings should not perform any action when clicking on the separator" duration="193"/>
    <testCase name="When data is ready When opening settings should redirect to ssh key page when clicking on this section" duration="198"/>
  </file>
  <file path="/Users/joan.carballo/Desktop/code/konstellation/kdl-server/app/ui/src/Pages/Project/components/ProjectNavigation/ProjectNavigation.test.tsx">
    <testCase name="ProjectNavigation component Component match snapshot" duration="20"/>
    <testCase name="ProjectNavigation component should be opened by default" duration="104"/>
    <testCase name="ProjectNavigation component should be closed after clicking on the toggle button" duration="38"/>
    <testCase name="NavButtonLink component Component match snapshot" duration="3"/>
  </file>
  <file path="/Users/joan.carballo/Desktop/code/konstellation/kdl-server/app/ui/src/Hooks/useStepper/useStepper.test.tsx">
    <testCase name="useBoolState hook shows right initial state" duration="4"/>
    <testCase name="useBoolState hook handles step change" duration="139"/>
    <testCase name="useBoolState hook handles state updates" duration="5"/>
  </file>
  <file path="/Users/joan.carballo/Desktop/code/konstellation/kdl-server/app/ui/src/Components/SiteBar/components/NavigationSelector/NavigationSelector.test.tsx">
    <testCase name="SectionSelector component should render without crashing" duration="196"/>
    <testCase name="SectionSelector component behavior should call closeComponent when click on navLink" duration="147"/>
  </file>
  <file path="/Users/joan.carballo/Desktop/code/konstellation/kdl-server/app/ui/src/Components/SiteBar/SiteBar.test.tsx">
    <testCase name="SiteBar component Component match snapshot" duration="11"/>
    <testCase name="SiteBar component should hide navigation buttons when running on browser" duration="70"/>
    <testCase name="SiteBar component should show navigation buttons when running on electron" duration="47"/>
  </file>
  <file path="/Users/joan.carballo/Desktop/code/konstellation/kdl-server/app/ui/src/Components/Layout/Page/DefaultPage/DefaultPage.test.tsx">
    <testCase name="DefaultPage component Component match snapshot" duration="9"/>
    <testCase name="DefaultPage component show right texts" duration="4"/>
  </file>
  <file path="/Users/joan.carballo/Desktop/code/konstellation/kdl-server/app/ui/src/Components/Layout/Panel/Panel.test.tsx">
    <testCase name="Panel component Component match snapshot" duration="14"/>
    <testCase name="Panel component show right texts" duration="5"/>
    <testCase name="Panel component handles events" duration="148"/>
    <testCase name="Panel component hides content when closed" duration="8"/>
  </file>
  <file path="/Users/joan.carballo/Desktop/code/konstellation/kdl-server/app/ui/src/Components/Layout/ConfirmAction/ConfirmAction.test.tsx">
    <testCase name="ConfirmAction component - without input Component match snapshot" duration="7"/>
    <testCase name="ConfirmAction component - without input show right texts" duration="26"/>
    <testCase name="ConfirmAction component - without input handles events" duration="149"/>
    <testCase name="ConfirmAction component - with input Component match snapshot" duration="2"/>
    <testCase name="ConfirmAction component - with input show right texts" duration="14"/>
  </file>
  <file path="/Users/joan.carballo/Desktop/code/konstellation/kdl-server/app/ui/src/Pages/Projects/components/Project/AddProject.test.tsx">
    <testCase name="AddProject component Component match snapshot" duration="2"/>
  </file>
  <file path="/Users/joan.carballo/Desktop/code/konstellation/kdl-server/app/ui/src/Components/MessageActionBox/MessageActionBox.test.tsx">
    <testCase name="MessageActionBox component Component match snapshot" duration="2"/>
    <testCase name="MessageActionBox component show right texts" duration="2"/>
    <testCase name="MessageActionBox component checks validation before performing action" duration="140"/>
  </file>
  <file path="/Users/joan.carballo/Desktop/code/konstellation/kdl-server/app/ui/src/Graphql/hooks/useMembers.test.tsx">
    <testCase name="useApiToken addMembersById should call add members mutation" duration="531"/>
    <testCase name="useApiToken removeApiTokenById should call remove member mutation" duration="184"/>
  </file>
  <file path="/Users/joan.carballo/Desktop/code/konstellation/kdl-server/app/ui/src/Pages/Projects/components/AdminEmail/AdminEmail.test.tsx">
    <testCase name="AdminEmail component Component match snapshot" duration="7"/>
    <testCase name="AdminEmail component should help the user send an email to the user" duration="17"/>
  </file>
  <file path="/Users/joan.carballo/Desktop/code/konstellation/kdl-server/app/ui/src/Components/LottieShapes/StatusCircle/StatusCircle.test.tsx">
    <testCase name="StatusCircle component show right texts" duration="3"/>
    <testCase name="StatusCircle component has right dimensions" duration="13"/>
    <testCase name="StatusCircle component Initiallizing animations adds loading animation" duration="117"/>
    <testCase name="StatusCircle component non Initiallizing animations do not adds loading animation" duration="18"/>
  </file>
  <file path="/Users/joan.carballo/Desktop/code/konstellation/kdl-server/app/ui/src/Hooks/useBoolState.test.tsx">
    <testCase name="useBoolState hook shows right initial state" duration="2"/>
    <testCase name="useBoolState hook handles state changes" duration="5"/>
  </file>
  <file path="/Users/joan.carballo/Desktop/code/konstellation/kdl-server/app/ui/src/Pages/NewProject/pages/RepositoryDetails/components/ExternalRepository/ExternalRepository.test.ts">
    <testCase name="ExternalRepositoryUtils validateUrl should return This field cannot be empty when url is " duration="3"/>
    <testCase name="ExternalRepositoryUtils validateUrl should return Invalid url format when url is www.google" duration="0"/>
    <testCase name="ExternalRepositoryUtils validateUrl should return Invalid url format when url is www.google.com" duration="0"/>
    <testCase name="ExternalRepositoryUtils validateUrl should return true when url is http://www.google.com" duration="8"/>
    <testCase name="ExternalRepositoryUtils validateUrl should return true when url is https://www.google.com" duration="12"/>
    <testCase name="ExternalRepositoryUtils validateMandatoryField should return This field cannot be empty when field is " duration="6"/>
    <testCase name="ExternalRepositoryUtils validateMandatoryField should return true when field is https://www.google.com" duration="0"/>
  </file>
  <file path="/Users/joan.carballo/Desktop/code/konstellation/kdl-server/app/ui/src/Components/SiteBar/components/Breadcrumbs/components/Crumb/Crumb.test.tsx">
    <testCase name="Crumb component should render without crashing" duration="6"/>
    <testCase name="Crumb component behavior should open the menu on click" duration="192"/>
  </file>
  <file path="/Users/joan.carballo/Desktop/code/konstellation/kdl-server/app/ui/src/Pages/Project/components/ProjectNavigation/components/NavigationButton/NavigationButton.test.tsx">
    <testCase name="NavigationButton component Component match snapshot" duration="5"/>
  </file>
  <file path="/Users/joan.carballo/Desktop/code/konstellation/kdl-server/app/ui/src/Components/SiteBar/components/ArrowsNavigator/ArrowsNavigation.test.tsx">
    <testCase name="ProjectsBar component Component match snapshot" duration="3"/>
    <testCase name="ProjectsBar component should call back function when clicking back button" duration="109"/>
    <testCase name="ProjectsBar component should call forward function when clicking forward button" duration="43"/>
  </file>
  <file path="/Users/joan.carballo/Desktop/code/konstellation/kdl-server/app/ui/src/Components/Message/Message.test.tsx">
    <testCase name="Message component Component match snapshot" duration="4"/>
    <testCase name="Message component show right texts" duration="3"/>
  </file>
  <file path="/Users/joan.carballo/Desktop/code/konstellation/kdl-server/app/ui/src/Utils/utils.test.ts">
    <testCase name="formatDate formats dates properly" duration="3"/>
    <testCase name="generateSlug formats string properly" duration="1"/>
    <testCase name="generateSlug formats string properly" duration="1"/>
    <testCase name="generateSlug formats string properly" duration="0"/>
    <testCase name="generateSlug formats string properly" duration="1"/>
    <testCase name="generateSlug formats string properly" duration="0"/>
    <testCase name="mutationPayloadHelper anb queryPayloadHelper formats objects properly" duration="2"/>
  </file>
  <file path="/Users/joan.carballo/Desktop/code/konstellation/kdl-server/app/ui/src/Constants/routes.test.ts">
    <testCase name="route utils - buildRoute right project routes" duration="1"/>
  </file>
  <file path="/Users/joan.carballo/Desktop/code/konstellation/kdl-server/app/ui/src/Components/SiteBar/components/ProjectSelector/ProjectSelector.test.tsx">
    <testCase name="ProjectSelector component should render without crashing" duration="6"/>
    <testCase name="behavior should call closeComponent function when click on a link" duration="23"/>
  </file>
  <file path="/Users/joan.carballo/Desktop/code/konstellation/kdl-server/app/ui/src/Components/Layout/Page/DefaultPage/Sidebar.test.tsx">
    <testCase name="Sidebar component Component match snapshot" duration="2"/>
    <testCase name="Sidebar component show right texts" duration="5"/>
  </file>
  <file path="/Users/joan.carballo/Desktop/code/konstellation/kdl-server/app/ui/src/Components/CircledInfoMessage/CircledInfoMessage.test.tsx">
    <testCase name="CircledInfoMessage component Component match snapshot" duration="2"/>
    <testCase name="CircledInfoMessage component show right texts" duration="2"/>
    <testCase name="CircledInfoMessage component contains right classes" duration="11"/>
  </file>
  <file path="/Users/joan.carballo/Desktop/code/konstellation/kdl-server/app/ui/src/Graphql/hooks/useAPIToken.test.tsx">
    <testCase name="useApiToken addTokenByName should call add API token mutation" duration="478"/>
    <testCase name="useApiToken removeApiTokenById should call remove API token mutation" duration="30"/>
  </file>
  <file path="/Users/joan.carballo/Desktop/code/konstellation/kdl-server/app/ui/src/Components/Stepper/Stepper.test.tsx">
    <testCase name="Stepper component Component match snapshot" duration="4"/>
    <testCase name="Stepper component show right elements" duration="10"/>
    <testCase name="Stepper component does not call onStepClick when step is disabled" duration="26"/>
    <testCase name="Step component Component match snapshot" duration="1"/>
    <testCase name="Step component show right icons" duration="36"/>
  </file>
</testExecutions>
